#
# There is insufficient memory for the Java Runtime Environment to continue.
# Native memory allocation (mmap) failed to map 268435456 bytes for Failed to commit area from 0x0000000700e00000 to 0x0000000710e00000 of length 268435456.
# Possible reasons:
#   The system is out of physical RAM or swap space
#   The process is running with CompressedOops enabled, and the Java Heap may be blocking the growth of the native heap
# Possible solutions:
#   Reduce memory load on the system
#   Increase physical memory or swap space
#   Check if swap backing store is full
#   Decrease Java heap size (-Xmx/-Xms)
#   Decrease number of Java threads
#   Decrease Java thread stack sizes (-Xss)
#   Set larger code cache with -XX:ReservedCodeCacheSize=
#   JVM is running with Zero Based Compressed Oops mode in which the Java heap is
#     placed in the first 32GB address space. The Java Heap base address is the
#     maximum limit for the native heap growth. Please use -XX:HeapBaseMinAddress
#     to set the Java Heap base and to place the Java Heap above 32GB virtual address.
# This output file may be truncated or incomplete.
#
#  Out of Memory Error (./open/src/hotspot/os/windows/os_windows.cpp:3315), pid=10532, tid=17144
#
# JRE version:  (14.0.2+12) (build )
# Java VM: Java HotSpot(TM) 64-Bit Server VM (14.0.2+12-46, mixed mode, sharing, tiered, compressed oops, g1 gc, windows-amd64)
# No core dump will be written. Minidumps are not enabled by default on client versions of Windows
#

---------------  S U M M A R Y ------------

Command Line: javacc parser.jj

Host: Intel(R) Core(TM) i7-8700 CPU @ 3.20GHz, 12 cores, 15G,  Windows 10 , 64 bit Build 19041 (10.0.19041.804)
Time: Sun Apr  4 17:27:09 2021 Hora oficial do Brasil elapsed time: 0 seconds (0d 0h 0m 0s)

---------------  T H R E A D  ---------------

Current thread (0x0000023c9ecb9000):  JavaThread "Unknown thread" [_thread_in_vm, id=17144, stack(0x000000a963100000,0x000000a963200000)]

Stack: [0x000000a963100000,0x000000a963200000]
Native frames: (J=compiled Java code, j=interpreted, Vv=VM code, C=native code)
V  [jvm.dll+0x5f8a9a]
V  [jvm.dll+0x74247a]
V  [jvm.dll+0x743c2f]
V  [jvm.dll+0x744273]
V  [jvm.dll+0x20d288]
V  [jvm.dll+0x5f5dea]
V  [jvm.dll+0x5eac45]
V  [jvm.dll+0x2c7e9c]
V  [jvm.dll+0x2c7cd2]
V  [jvm.dll+0x2cdbbc]
V  [jvm.dll+0x313fe8]
V  [jvm.dll+0x313710]
V  [jvm.dll+0x2a092a]
V  [jvm.dll+0x2a1a79]
V  [jvm.dll+0x71fd48]
V  [jvm.dll+0x321c14]
V  [jvm.dll+0x70112c]
V  [jvm.dll+0x392def]
V  [jvm.dll+0x394e61]
C  [jli.dll+0x524b]
C  [ucrtbase.dll+0x21bb2]
C  [KERNEL32.DLL+0x17034]
C  [ntdll.dll+0x52651]


---------------  P R O C E S S  ---------------

Threads class SMR info:
_java_thread_list=0x00007ff93e7b3038, length=0, elements={
}

Java Threads: ( => current thread )

Other Threads:
  0x0000023c9ed23800 GCTaskThread "GC Thread#0" [stack: 0x000000a963200000,0x000000a963300000] [id=18704]
  0x0000023c9ed45000 ConcurrentGCThread "G1 Main Marker" [stack: 0x000000a963300000,0x000000a963400000] [id=18372]
  0x0000023c9ed46800 ConcurrentGCThread "G1 Conc#0" [stack: 0x000000a963400000,0x000000a963500000] [id=4652]

[error occurred during error reporting (printing all threads), id 0xc0000005, EXCEPTION_ACCESS_VIOLATION (0xc0000005) at pc=0x00007ff93dfe1257]

VM state:not at safepoint (not fully initialized)

VM Mutex/Monitor currently owned by a thread:  ([mutex/lock_event])
[0x0000023c9ecb4590] Heap_lock - owner thread: 0x0000023c9ecb9000

Heap address: 0x0000000700e00000, size: 4082 MB, Compressed Oops mode: Zero based, Oop shift amount: 3
Narrow klass base: 0x0000000000000000, Narrow klass shift: 0

GC Heap History (0 events):
No events

Deoptimization events (0 events):
No events

Classes unloaded (0 events):
No events

Classes redefined (0 events):
No events

Internal exceptions (0 events):
No events

Events (2 events):
Event: 0.009 Loaded shared library C:\Program Files\Java\jdk-14.0.2\bin\java.dll
Event: 0.009 Loaded shared library C:\Program Files\Java\jdk-14.0.2\bin\zip.dll


Dynamic libraries:
0x00007ff693180000 - 0x00007ff69318f000 	C:\Program Files\Java\jdk-14.0.2\bin\java.exe
0x00007ff96c8f0000 - 0x00007ff96cae5000 	C:\WINDOWS\SYSTEM32\ntdll.dll
0x00007ff96bd60000 - 0x00007ff96be1d000 	C:\WINDOWS\System32\KERNEL32.DLL
0x00007ff96a290000 - 0x00007ff96a559000 	C:\WINDOWS\System32\KERNELBASE.dll
0x00007ff96a710000 - 0x00007ff96a810000 	C:\WINDOWS\System32\ucrtbase.dll
0x00007ff9654c0000 - 0x00007ff9654d8000 	C:\Program Files\Java\jdk-14.0.2\bin\jli.dll
0x00007ff9654a0000 - 0x00007ff9654b5000 	C:\Program Files\Java\jdk-14.0.2\bin\VCRUNTIME140.dll
0x00007ff96bb20000 - 0x00007ff96bbcc000 	C:\WINDOWS\System32\ADVAPI32.dll
0x00007ff96be20000 - 0x00007ff96bebe000 	C:\WINDOWS\System32\msvcrt.dll
0x00007ff96c400000 - 0x00007ff96c49c000 	C:\WINDOWS\System32\sechost.dll
0x00007ff96c240000 - 0x00007ff96c36b000 	C:\WINDOWS\System32\RPCRT4.dll
0x00007ff96c4a0000 - 0x00007ff96c640000 	C:\WINDOWS\System32\USER32.dll
0x00007ff96a8f0000 - 0x00007ff96a912000 	C:\WINDOWS\System32\win32u.dll
0x00007ff94e580000 - 0x00007ff94e81a000 	C:\WINDOWS\WinSxS\amd64_microsoft.windows.common-controls_6595b64144ccf1df_6.0.19041.844_none_ca00b6081b84eb1d\COMCTL32.dll
0x00007ff96a950000 - 0x00007ff96a97a000 	C:\WINDOWS\System32\GDI32.dll
0x00007ff96a600000 - 0x00007ff96a70b000 	C:\WINDOWS\System32\gdi32full.dll
0x00007ff96a560000 - 0x00007ff96a5fd000 	C:\WINDOWS\System32\msvcp_win.dll
0x00007ff9610e0000 - 0x00007ff9610ea000 	C:\WINDOWS\SYSTEM32\VERSION.dll
0x00007ff96aea0000 - 0x00007ff96aed0000 	C:\WINDOWS\System32\IMM32.DLL
0x00007ff94ab00000 - 0x00007ff94ab9b000 	C:\Program Files\Java\jdk-14.0.2\bin\msvcp140.dll
0x00007ff93dd30000 - 0x00007ff93e84e000 	C:\Program Files\Java\jdk-14.0.2\bin\server\jvm.dll
0x00007ff96b000000 - 0x00007ff96b008000 	C:\WINDOWS\System32\PSAPI.DLL
0x00007ff953cb0000 - 0x00007ff953cb9000 	C:\WINDOWS\SYSTEM32\WSOCK32.dll
0x00007ff956c40000 - 0x00007ff956c67000 	C:\WINDOWS\SYSTEM32\WINMM.dll
0x00007ff96bcf0000 - 0x00007ff96bd5b000 	C:\WINDOWS\System32\WS2_32.dll
0x00007ff9688f0000 - 0x00007ff968902000 	C:\WINDOWS\SYSTEM32\kernel.appcore.dll
0x00007ff965490000 - 0x00007ff96549a000 	C:\Program Files\Java\jdk-14.0.2\bin\jimage.dll
0x00007ff967de0000 - 0x00007ff967fc4000 	C:\WINDOWS\SYSTEM32\DBGHELP.DLL
0x00007ff966750000 - 0x00007ff96677c000 	C:\WINDOWS\SYSTEM32\dbgcore.DLL
0x00007ff96a870000 - 0x00007ff96a8f0000 	C:\WINDOWS\System32\bcryptPrimitives.dll
0x00007ff964f70000 - 0x00007ff964f95000 	C:\Program Files\Java\jdk-14.0.2\bin\java.dll
0x00007ff964ee0000 - 0x00007ff964ef6000 	C:\Program Files\Java\jdk-14.0.2\bin\zip.dll

dbghelp: loaded successfully - version: 4.0.5 - missing functions: none
symbol engine: initialized successfully - sym options: 0x614 - pdb path: .;C:\Program Files\Java\jdk-14.0.2\bin;C:\WINDOWS\SYSTEM32;C:\WINDOWS\WinSxS\amd64_microsoft.windows.common-controls_6595b64144ccf1df_6.0.19041.844_none_ca00b6081b84eb1d;C:\Program Files\Java\jdk-14.0.2\bin\server

VM Arguments:
java_command: javacc parser.jj
java_class_path (initial): C:\Program Files\Java\javacc-javacc-7.0.9\scripts\..\target\javacc.jar
Launcher Type: SUN_STANDARD

[Global flags]
     intx CICompilerCount                          = 4                                         {product} {ergonomic}
     uint ConcGCThreads                            = 3                                         {product} {ergonomic}
     uint G1ConcRefinementThreads                  = 10                                        {product} {ergonomic}
   size_t G1HeapRegionSize                         = 1048576                                   {product} {ergonomic}
    uintx GCDrainStackTargetSize                   = 64                                        {product} {ergonomic}
   size_t InitialHeapSize                          = 268435456                                 {product} {ergonomic}
   size_t MarkStackSize                            = 4194304                                   {product} {ergonomic}
   size_t MaxHeapSize                              = 4280287232                                {product} {ergonomic}
   size_t MinHeapDeltaBytes                        = 1048576                                   {product} {ergonomic}
   size_t MinHeapSize                              = 8388608                                   {product} {ergonomic}
    uintx NonNMethodCodeHeapSize                   = 5839372                                {pd product} {ergonomic}
    uintx NonProfiledCodeHeapSize                  = 122909434                              {pd product} {ergonomic}
    uintx ProfiledCodeHeapSize                     = 122909434                              {pd product} {ergonomic}
    uintx ReservedCodeCacheSize                    = 251658240                              {pd product} {ergonomic}
     bool SegmentedCodeCache                       = true                                      {product} {ergonomic}
   size_t SoftMaxHeapSize                          = 4280287232                             {manageable} {ergonomic}
     bool UseCompressedClassPointers               = true                                 {lp64_product} {ergonomic}
     bool UseCompressedOops                        = true                                 {lp64_product} {ergonomic}
     bool UseG1GC                                  = true                                      {product} {ergonomic}
     bool UseLargePagesIndividualAllocation        = false                                  {pd product} {ergonomic}

Logging:
Log output configuration:
 #0: stdout all=warning uptime,level,tags
 #1: stderr all=off uptime,level,tags

Environment Variables:
JAVA_HOME=C:\Program Files\Java\jdk-14.0.2
PATH=C:\Program Files (x86)\Razer Chroma SDK\bin;C:\Program Files\Razer Chroma SDK\bin;C:\Program Files (x86)\Razer\ChromaBroadcast\bin;C:\Program Files\Razer\ChromaBroadcast\bin;C:\Windows\system32;C:\Windows;C:\Windows\System32\Wbem;C:\Windows\System32\WindowsPowerShell\v1.0\;C:\Windows\System32\OpenSSH\;C:\Program Files (x86)\NVIDIA Corporation\PhysX\Common;C:\Program Files\NVIDIA Corporation\NVIDIA NvDLISR;C:\Windows\system32\config\systemprofile\AppData\Local\Microsoft\WindowsApps;C:\dev_apps\Git\cmd;C:\dev_apps\nvm;C:\Program Files\nodejs;C:\WINDOWS\system32;C:\WINDOWS;C:\WINDOWS\System32\Wbem;C:\WINDOWS\System32\WindowsPowerShell\v1.0\;C:\WINDOWS\System32\OpenSSH\;C:\Program Files\PuTTY\;C:\Program Files\Java\javacc-javacc-7.0.9\scripts;C:\Program Files\Java\apache-maven-3.6.3\bin;C:\Users\Gamer\.windows-build-tools\python27\;C:\Users\Gamer\AppData\Local\Microsoft\WindowsApps;C:\dev_apps\Microsoft VS Code\bin;C:\dev_apps\nvm;C:\Program Files\nodejs;C:\Users\Gamer\AppData\Local\Microsoft\WindowsApps;C:\dev_apps\PyCharm Community Edition 2020.3.3\bin;;C:\Program Files\Java\jdk-14.0.2\bin;%M2_HOME%\bin;
USERNAME=Gamer
OS=Windows_NT
PROCESSOR_IDENTIFIER=Intel64 Family 6 Model 158 Stepping 10, GenuineIntel



---------------  S Y S T E M  ---------------

OS: Windows 10 , 64 bit Build 19041 (10.0.19041.804)
OS uptime: 4 days 20:47 hours
HyperV virtualization detected

CPU:total 12 (initial active 12) (6 cores per cpu, 2 threads per core) family 6 model 158 stepping 10, cmov, cx8, fxsr, mmx, sse, sse2, sse3, ssse3, sse4.1, sse4.2, popcnt, avx, avx2, aes, clmul, erms, rtm, 3dnowpref, lzcnt, ht, tsc, tscinvbit, bmi1, bmi2, adx, fma

Memory: 4k page, system-wide physical 16326M (384M free)
TotalPageFile size 44818M (AvailPageFile size 162M)
current process WorkingSet (physical memory assigned to process): 10M, peak: 10M
current process commit charge ("private bytes"): 65M, peak: 321M

vm_info: Java HotSpot(TM) 64-Bit Server VM (14.0.2+12-46) for windows-amd64 JRE (14.0.2+12-46), built on Jul  9 2020 00:35:52 by "mach5one" with MS VC++ 15.9 (VS2017)

END.
